<?xml version="1.0" encoding="UTF-8"?>
<!-- Generated by org.testng.reporters.JUnitXMLReporter -->
<testsuite ignored="0" hostname="LUSEN" failures="1" tests="1" name="Surefire test" time="35.916" errors="0" timestamp="2025-07-23T00:17:16 EDT">
  <testcase classname="verifyBookmarks.FocusAreaSmokeTest" name="f" time="33.867">
    <failure type="org.openqa.selenium.StaleElementReferenceException" message="stale element reference: stale element not found in the current frame
  (Session info: MicrosoftEdge=138.0.3351.95)
For documentation on this error, please visit: https://www.selenium.dev/documentation/webdriver/troubleshooting/errors#stale-element-reference-exception
Build info: version: &amp;apos;4.21.0&amp;apos;, revision: &amp;apos;79ed462ef4&amp;apos;
System info: os.name: &amp;apos;Windows Server 2019&amp;apos;, os.arch: &amp;apos;amd64&amp;apos;, os.version: &amp;apos;10.0&amp;apos;, java.version: &amp;apos;11.0.19&amp;apos;
Driver info: org.openqa.selenium.edge.EdgeDriver
Command: [e24e5c50428bdc84cf8162216399498e, getElementText {id=f.960997491A81ECEA86612FA0401D9E42.d.4D4AA806A976BC8FAE6EA0A3048C126E.e.126}]
Capabilities {acceptInsecureCerts: false, browserName: MicrosoftEdge, browserVersion: 138.0.3351.95, fedcm:accounts: true, ms:edgeOptions: {debuggerAddress: localhost:64977}, msedge: {msedgedriverVersion: 138.0.3351.83 (16e2a7bef320..., userDataDir: C:\Users\GOVSTR~2\AppData\L...}, networkConnectionEnabled: false, pageLoadStrategy: normal, platformName: windows, proxy: Proxy(), se:cdp: ws://localhost:64977/devtoo..., se:cdpVersion: 138.0.3351.95, setWindowRect: true, strictFileInteractability: false, timeouts: {implicit: 0, pageLoad: 300000, script: 30000}, unhandledPromptBehavior: dismiss and notify, webauthn:extension:credBlob: true, webauthn:extension:largeBlob: true, webauthn:extension:minPinLength: true, webauthn:extension:prf: true, webauthn:virtualAuthenticators: true}
Element: [[EdgeDriver: MicrosoftEdge on windows (e24e5c50428bdc84cf8162216399498e)] -&amp;gt; xpath: //ul[contains(@class,&amp;apos;MuiList-root&amp;apos;)]/li[normalize-space()]]
Session ID: e24e5c50428bdc84cf8162216399498e">
      <![CDATA[org.openqa.selenium.StaleElementReferenceException: stale element reference: stale element not found in the current frame
  (Session info: MicrosoftEdge=138.0.3351.95)
For documentation on this error, please visit: https://www.selenium.dev/documentation/webdriver/troubleshooting/errors#stale-element-reference-exception
Build info: version: '4.21.0', revision: '79ed462ef4'
System info: os.name: 'Windows Server 2019', os.arch: 'amd64', os.version: '10.0', java.version: '11.0.19'
Driver info: org.openqa.selenium.edge.EdgeDriver
Command: [e24e5c50428bdc84cf8162216399498e, getElementText {id=f.960997491A81ECEA86612FA0401D9E42.d.4D4AA806A976BC8FAE6EA0A3048C126E.e.126}]
Capabilities {acceptInsecureCerts: false, browserName: MicrosoftEdge, browserVersion: 138.0.3351.95, fedcm:accounts: true, ms:edgeOptions: {debuggerAddress: localhost:64977}, msedge: {msedgedriverVersion: 138.0.3351.83 (16e2a7bef320..., userDataDir: C:\Users\GOVSTR~2\AppData\L...}, networkConnectionEnabled: false, pageLoadStrategy: normal, platformName: windows, proxy: Proxy(), se:cdp: ws://localhost:64977/devtoo..., se:cdpVersion: 138.0.3351.95, setWindowRect: true, strictFileInteractability: false, timeouts: {implicit: 0, pageLoad: 300000, script: 30000}, unhandledPromptBehavior: dismiss and notify, webauthn:extension:credBlob: true, webauthn:extension:largeBlob: true, webauthn:extension:minPinLength: true, webauthn:extension:prf: true, webauthn:virtualAuthenticators: true}
Element: [[EdgeDriver: MicrosoftEdge on windows (e24e5c50428bdc84cf8162216399498e)] -> xpath: //ul[contains(@class,'MuiList-root')]/li[normalize-space()]]
Session ID: e24e5c50428bdc84cf8162216399498e
at org.openqa.selenium.remote.ErrorCodec.decode(ErrorCodec.java:167)
at org.openqa.selenium.remote.codec.w3c.W3CHttpResponseCodec.decode(W3CHttpResponseCodec.java:138)
at org.openqa.selenium.remote.codec.w3c.W3CHttpResponseCodec.decode(W3CHttpResponseCodec.java:50)
at org.openqa.selenium.remote.HttpCommandExecutor.execute(HttpCommandExecutor.java:190)
at org.openqa.selenium.remote.service.DriverCommandExecutor.invokeExecute(DriverCommandExecutor.java:216)
at org.openqa.selenium.remote.service.DriverCommandExecutor.execute(DriverCommandExecutor.java:174)
at org.openqa.selenium.remote.RemoteWebDriver.execute(RemoteWebDriver.java:518)
at org.openqa.selenium.remote.RemoteWebElement.execute(RemoteWebElement.java:223)
at org.openqa.selenium.remote.RemoteWebElement.getText(RemoteWebElement.java:191)
at verifyBookmarks.FocusAreaSmokeTest.f(FocusAreaSmokeTest.java:120)
at java.base/java.util.ArrayList.forEach(ArrayList.java:1541)
... Removed 36 stack frames]]>
    </failure>
  </testcase> <!-- f -->
</testsuite> <!-- Surefire test -->
