<?xml version="1.0" encoding="UTF-8"?>
<!-- Generated by org.testng.reporters.JUnitXMLReporter -->
<testsuite ignored="6" hostname="LUSEN" failures="0" tests="4" name="Bookmark Tests" time="33.942" errors="0" timestamp="2025-08-01T00:43:45 EDT">
  <testcase classname="verifyBookmarks.ViewAgencyResultsTest" name="testViewAgencyResults" time="0.825"/>
  <testcase classname="verifyBookmarks.CompareAgencyResultsTest" name="testCompareAgencyResults" time="10.966"/>
  <testcase classname="verifyBookmarks.FocusAreasTest" name="testFocusAreas" time="10.631"/>
  <testcase classname="verifyBookmarks.ViewFEVSTest" name="testViewFEVS" time="11.466"/>
  <testcase classname="verifyBookmarks.BaseTest" name="@BeforeSuite setUpSuite" time="0.0">
    <ignored/>
  </testcase> <!-- @BeforeSuite setUpSuite -->
  <testcase classname="verifyBookmarks.BaseTest" name="@AfterSuite tearDownSuite" time="0.0">
    <ignored/>
  </testcase> <!-- @AfterSuite tearDownSuite -->
  <testcase classname="verifyBookmarks.BaseTest" name="@AfterSuite tearDownSuite" time="0.0">
    <ignored/>
  </testcase> <!-- @AfterSuite tearDownSuite -->
  <testcase classname="verifyBookmarks.BaseTest" name="@BeforeSuite setUpSuite" time="0.0">
    <ignored/>
  </testcase> <!-- @BeforeSuite setUpSuite -->
  <testcase classname="verifyBookmarks.BaseTest" name="@BeforeSuite setUpSuite" time="0.0">
    <ignored/>
  </testcase> <!-- @BeforeSuite setUpSuite -->
  <testcase classname="verifyBookmarks.BaseTest" name="@AfterSuite tearDownSuite" time="0.0">
    <ignored/>
  </testcase> <!-- @AfterSuite tearDownSuite -->
</testsuite> <!-- Bookmark Tests -->
