<?xml version="1.0" encoding="UTF-8"?>
<testsuite xmlns:xsi="http://www.w3.org/2001/XMLSchema-instance" xsi:noNamespaceSchemaLocation="https://maven.apache.org/surefire/maven-surefire-plugin/xsd/surefire-test-report-3.0.xsd" version="3.0" name="TestSuite" time="107.253" tests="5" errors="0" skipped="0" failures="2">
  <properties>
[...]
</properties>
  <testcase name="testViewAgencyResults" classname="verifyBookmarks.ViewAgencyResultsTest" time="44.854">
    <failure message="Expected condition failed: waiting for element to be clickable: By.xpath: //img[@alt=&apos;View Analysis by Question, Index, or Key Trends Over Time&apos;] (tried for 30 second(s) with 500 milliseconds interval)&#10;Build info: version: &apos;4.21.0&apos;, revision: &apos;79ed462ef4&apos;&#10;System info: os.name: &apos;Windows Server 2019&apos;, os.arch: &apos;amd64&apos;, os.version: &apos;10.0&apos;, java.version: &apos;11.0.19&apos;&#10;Driver info: org.openqa.selenium.edge.EdgeDriver&#10;Capabilities {acceptInsecureCerts: false, browserName: MicrosoftEdge, browserVersion: 139.0.3405.86, fedcm:accounts: true, ms:edgeOptions: {debuggerAddress: localhost:62048}, msedge: {msedgedriverVersion: 138.0.3351.83 (16e2a7bef320..., userDataDir: C:\Users\GOVSTR~2\AppData\L...}, networkConnectionEnabled: false, pageLoadStrategy: normal, platformName: windows, proxy: Proxy(), se:cdp: ws://localhost:62048/devtoo..., se:cdpVersion: 139.0.3405.86, setWindowRect: true, strictFileInteractability: false, timeouts: {implicit: 0, pageLoad: 300000, script: 30000}, unhandledPromptBehavior: dismiss and notify, webauthn:extension:credBlob: true, webauthn:extension:largeBlob: true, webauthn:extension:minPinLength: true, webauthn:extension:prf: true, webauthn:virtualAuthenticators: true}&#10;Session ID: a4ea857ea9ca845a30221cba9641d0e2" type="org.openqa.selenium.TimeoutException"><![CDATA[org.openqa.selenium.TimeoutException: 
Expected condition failed: waiting for element to be clickable: By.xpath: //img[@alt='View Analysis by Question, Index, or Key Trends Over Time'] (tried for 30 second(s) with 500 milliseconds interval)
Build info: version: '4.21.0', revision: '79ed462ef4'
System info: os.name: 'Windows Server 2019', os.arch: 'amd64', os.version: '10.0', java.version: '11.0.19'
Driver info: org.openqa.selenium.edge.EdgeDriver
Capabilities {acceptInsecureCerts: false, browserName: MicrosoftEdge, browserVersion: 139.0.3405.86, fedcm:accounts: true, ms:edgeOptions: {debuggerAddress: localhost:62048}, msedge: {msedgedriverVersion: 138.0.3351.83 (16e2a7bef320..., userDataDir: C:\Users\GOVSTR~2\AppData\L...}, networkConnectionEnabled: false, pageLoadStrategy: normal, platformName: windows, proxy: Proxy(), se:cdp: ws://localhost:62048/devtoo..., se:cdpVersion: 139.0.3405.86, setWindowRect: true, strictFileInteractability: false, timeouts: {implicit: 0, pageLoad: 300000, script: 30000}, unhandledPromptBehavior: dismiss and notify, webauthn:extension:credBlob: true, webauthn:extension:largeBlob: true, webauthn:extension:minPinLength: true, webauthn:extension:prf: true, webauthn:virtualAuthenticators: true}
Session ID: a4ea857ea9ca845a30221cba9641d0e2
	at org.openqa.selenium.support.ui.WebDriverWait.timeoutException(WebDriverWait.java:84)
	at org.openqa.selenium.support.ui.FluentWait.until(FluentWait.java:228)
	at verifyBookmarks.ViewAgencyResultsPage.openAndVerify(ViewAgencyResultsPage.java:16)
	at verifyBookmarks.ViewAgencyResultsTest.testViewAgencyResults(ViewAgencyResultsTest.java:37)
	at java.base/jdk.internal.reflect.NativeMethodAccessorImpl.invoke0(Native Method)
	at java.base/jdk.internal.reflect.NativeMethodAccessorImpl.invoke(NativeMethodAccessorImpl.java:62)
	at java.base/jdk.internal.reflect.DelegatingMethodAccessorImpl.invoke(DelegatingMethodAccessorImpl.java:43)
	at java.base/java.lang.reflect.Method.invoke(Method.java:566)
	at org.testng.internal.invokers.MethodInvocationHelper.invokeMethod(MethodInvocationHelper.java:141)
	at org.testng.internal.invokers.TestInvoker.invokeMethod(TestInvoker.java:687)
	at org.testng.internal.invokers.TestInvoker.invokeTestMethod(TestInvoker.java:230)
	at org.testng.internal.invokers.MethodRunner.runInSequence(MethodRunner.java:63)
	at org.testng.internal.invokers.TestInvoker$MethodInvocationAgent.invoke(TestInvoker.java:995)
	at org.testng.internal.invokers.TestInvoker.invokeTestMethods(TestInvoker.java:203)
	at org.testng.internal.invokers.TestMethodWorker.invokeTestMethods(TestMethodWorker.java:154)
	at org.testng.internal.invokers.TestMethodWorker.run(TestMethodWorker.java:134)
	at java.base/java.util.ArrayList.forEach(ArrayList.java:1541)
	at org.testng.TestRunner.privateRun(TestRunner.java:741)
	at org.testng.TestRunner.run(TestRunner.java:616)
	at org.testng.SuiteRunner.runTest(SuiteRunner.java:421)
	at org.testng.SuiteRunner.runSequentially(SuiteRunner.java:413)
	at org.testng.SuiteRunner.privateRun(SuiteRunner.java:373)
	at org.testng.SuiteRunner.run(SuiteRunner.java:312)
	at org.testng.SuiteRunnerWorker.runSuite(SuiteRunnerWorker.java:52)
	at org.testng.SuiteRunnerWorker.run(SuiteRunnerWorker.java:95)
	at org.testng.TestNG.runSuitesSequentially(TestNG.java:1274)
	at org.testng.TestNG.runSuitesLocally(TestNG.java:1208)
	at org.testng.TestNG.runSuites(TestNG.java:1112)
	at org.testng.TestNG.run(TestNG.java:1079)
	at org.apache.maven.surefire.testng.TestNGExecutor.run(TestNGExecutor.java:324)
	at org.apache.maven.surefire.testng.TestNGXmlTestSuite.execute(TestNGXmlTestSuite.java:74)
	at org.apache.maven.surefire.testng.TestNGProvider.invoke(TestNGProvider.java:123)
	at org.apache.maven.surefire.booter.ForkedBooter.runSuitesInProcess(ForkedBooter.java:456)
	at org.apache.maven.surefire.booter.ForkedBooter.execute(ForkedBooter.java:169)
	at org.apache.maven.surefire.booter.ForkedBooter.run(ForkedBooter.java:595)
	at org.apache.maven.surefire.booter.ForkedBooter.main(ForkedBooter.java:581)
]]></failure>
    <system-out><![CDATA[************In Extent Manager Class
**************Created Report
Extent report initialized
Login + Agency selection completed.
*************In CReate Test
************In Extent Manager Class
Navigated to live page: https://fedviewsd.connecthr.com/view-agency
####_$$$$$_@@@@ : Button[0]: Text=, ID=
####_$$$$$_@@@@ : Button[1]: Text=Bookmarks, ID=
####_$$$$$_@@@@ : Button[2]: Text=Clear All, ID=
####_$$$$$_@@@@ : Button[3]: Text=Return to Selection Menu, ID=
####_$$$$$_@@@@ : Button[4]: Text=Next, ID=
####_$$$$$_@@@@ : Link[0]: Text=, Href=http://www.govstrive.com/
####_$$$$$_@@@@ : Link[1]: Text=, Href=http://www.fedviews.com/
####_$$$$$_@@@@ : Link[2]: Text=Signed in as: testqa1@govstrive.com, Href=null
####_$$$$$_@@@@ : Link[3]: Text=, Href=https://fedviewsd.connecthr.com/settings
####_$$$$$_@@@@ : Link[4]: Text=, Href=https://fedviewsd.connecthr.com/UserInformation
####_$$$$$_@@@@ : Link[5]: Text=, Href=https://fedviewsd.connecthr.com/SystemConfig
####_$$$$$_@@@@ : Link[6]: Text=Home, Href=https://fedviewsd.connecthr.com/
####_$$$$$_@@@@ : Link[7]: Text=Logout, Href=https://fedviewsd.connecthr.com/Account/Logout
####_$$$$$_@@@@ : Link[8]: Text=Help, Href=https://fedviewsd.connecthr.com/Content/view_results_agency.html
####_$$$$$_@@@@ : Link[9]: Text=Return to Selection Menu, Href=https://fedviewsd.connecthr.com/dashboard
####_$$$$$_@@@@ : Link[10]: Text=, Href=https://fedviewsd.connecthr.com/focus-area?bookmark=490
####_$$$$$_@@@@ : Link[11]: Text=, Href=https://fedviewsd.connecthr.com/view-agency?bookmark=473
####_$$$$$_@@@@ : Link[12]: Text=, Href=https://fedviewsd.connecthr.com/view-agency?bookmark=472
####_$$$$$_@@@@ : Link[13]: Text=, Href=https://fedviewsd.connecthr.com/view-agency?bookmark=469
####_$$$$$_@@@@ : FullText=Signed in as: testqa1@govstrive.com Home Logout Help Current Survey View Selected Agency: Internal Revenue Service Bookmarks Clear All Return to Selection Menu Select a Time Period: Start Year: All End Year: All View Analysis By: Analysis Type: Key Metrics Percentage (Positive / Neutral / Negative) Next © 2018 GovStrive
Navigated to bookmark page: https://fedviewsd.connecthr.com/view-agency?bookmark=472
####_$$$$$_@@@@ : Button[0]: Text=, ID=
####_$$$$$_@@@@ : Link[0]: Text=, Href=http://www.govstrive.com/
####_$$$$$_@@@@ : Link[1]: Text=, Href=http://www.fedviews.com/
####_$$$$$_@@@@ : Link[2]: Text=Signed in as: testqa1@govstrive.com, Href=null
####_$$$$$_@@@@ : Link[3]: Text=, Href=https://fedviewsd.connecthr.com/settings
####_$$$$$_@@@@ : Link[4]: Text=, Href=https://fedviewsd.connecthr.com/UserInformation
####_$$$$$_@@@@ : Link[5]: Text=, Href=https://fedviewsd.connecthr.com/SystemConfig
####_$$$$$_@@@@ : Link[6]: Text=Home, Href=https://fedviewsd.connecthr.com/
####_$$$$$_@@@@ : Link[7]: Text=Logout, Href=https://fedviewsd.connecthr.com/Account/Logout
####_$$$$$_@@@@ : Link[8]: Text=Help, Href=https://fedviewsd.connecthr.com/Content/view_results_agency.html
####_$$$$$_@@@@ : FullText=Signed in as: testqa1@govstrive.com Home Logout Help © 2018 GovStrive
]]></system-out>
    <system-err><![CDATA[SLF4J(W): No SLF4J providers were found.
SLF4J(W): Defaulting to no-operation (NOP) logger implementation
SLF4J(W): See https://www.slf4j.org/codes.html#noProviders for further details.
Aug 11, 2025 12:31:23 AM org.openqa.selenium.devtools.CdpVersionFinder findNearestMatch
WARNING: Unable to find CDP implementation matching 139
Aug 11, 2025 12:31:23 AM org.openqa.selenium.chromium.ChromiumDriver lambda$new$5
WARNING: Unable to find version of CDP to use for 139.0.3405.86. You may need to include a dependency on a specific version of the CDP using something similar to `org.seleniumhq.selenium:selenium-devtools-v86:4.21.0` where the version ("v86") matches the version of the chromium-based browser you're using and the version number of the artifact is the same as Selenium's.
]]></system-err>
  </testcase>
  <testcase name="testCompareAgencyResults" classname="verifyBookmarks.CompareAgencyResultsTest" time="8.473">
    <system-out><![CDATA[***************If No 2
*************In CReate Test
************In Extent Manager Class
Compare Agency Results Opened.
Returned from Compare Agency Results.
]]></system-out>
  </testcase>
  <testcase name="testFocusAreas" classname="verifyBookmarks.FocusAreasTest" time="14.206">
    <system-out><![CDATA[***********If No 1
*************In CReate Test
************In Extent Manager Class
Navigated to live page: https://fedviewsd.connecthr.com/focus-area
####_$$$$$_@@@@ : Button[0]: Text=, ID=
####_$$$$$_@@@@ : Link[0]: Text=, Href=http://www.govstrive.com/
####_$$$$$_@@@@ : Link[1]: Text=, Href=http://www.fedviews.com/
####_$$$$$_@@@@ : Link[2]: Text=Signed in as: testqa1@govstrive.com, Href=null
####_$$$$$_@@@@ : Link[3]: Text=, Href=https://fedviewsd.connecthr.com/settings
####_$$$$$_@@@@ : Link[4]: Text=, Href=https://fedviewsd.connecthr.com/UserInformation
####_$$$$$_@@@@ : Link[5]: Text=, Href=https://fedviewsd.connecthr.com/SystemConfig
####_$$$$$_@@@@ : Link[6]: Text=Home, Href=https://fedviewsd.connecthr.com/
####_$$$$$_@@@@ : Link[7]: Text=Logout, Href=https://fedviewsd.connecthr.com/Account/Logout
####_$$$$$_@@@@ : Link[8]: Text=Help, Href=https://fedviewsd.connecthr.com/Content/view_results_agency.html
####_$$$$$_@@@@ : FullText=Signed in as: testqa1@govstrive.com Home Logout Help © 2018 GovStrive
Navigated to bookmark page: https://fedviewsd.connecthr.com/focus-area?bookmark=469
####_$$$$$_@@@@ : Button[0]: Text=, ID=
####_$$$$$_@@@@ : Link[0]: Text=, Href=http://www.govstrive.com/
####_$$$$$_@@@@ : Link[1]: Text=, Href=http://www.fedviews.com/
####_$$$$$_@@@@ : Link[2]: Text=Signed in as: testqa1@govstrive.com, Href=null
####_$$$$$_@@@@ : Link[3]: Text=, Href=https://fedviewsd.connecthr.com/settings
####_$$$$$_@@@@ : Link[4]: Text=, Href=https://fedviewsd.connecthr.com/UserInformation
####_$$$$$_@@@@ : Link[5]: Text=, Href=https://fedviewsd.connecthr.com/SystemConfig
####_$$$$$_@@@@ : Link[6]: Text=Home, Href=https://fedviewsd.connecthr.com/
####_$$$$$_@@@@ : Link[7]: Text=Logout, Href=https://fedviewsd.connecthr.com/Account/Logout
####_$$$$$_@@@@ : Link[8]: Text=Help, Href=https://fedviewsd.connecthr.com/Content/view_results_agency.html
####_$$$$$_@@@@ : FullText=Signed in as: testqa1@govstrive.com Home Logout Help © 2018 GovStrive
]]></system-out>
  </testcase>
  <testcase name="testViewFEVS" classname="verifyBookmarks.ViewFEVSTest" time="8.131">
    <system-out><![CDATA[***********If No 1
*************In CReate Test
************In Extent Manager Class
View FEVS Opened.
Returned from View FEVS.
]]></system-out>
  </testcase>
  <testcase name="testClearAllButtonPresenceForAllDropdownOptions" classname="verifyClearAll.ClearAllTest" time="7.544">
    <failure message="stale element reference: stale element not found in the current frame&#10;  (Session info: MicrosoftEdge=139.0.3405.86)&#10;For documentation on this error, please visit: https://www.selenium.dev/documentation/webdriver/troubleshooting/errors#stale-element-reference-exception&#10;Build info: version: &apos;4.21.0&apos;, revision: &apos;79ed462ef4&apos;&#10;System info: os.name: &apos;Windows Server 2019&apos;, os.arch: &apos;amd64&apos;, os.version: &apos;10.0&apos;, java.version: &apos;11.0.19&apos;&#10;Driver info: org.openqa.selenium.edge.EdgeDriver&#10;Command: [a4ea857ea9ca845a30221cba9641d0e2, clickElement {id=f.04C1B75B8FE89D79AAEE11CA2C78E319.d.29FF232B4FAAF6AC2C2446DFE3610F1B.e.460}]&#10;Capabilities {acceptInsecureCerts: false, browserName: MicrosoftEdge, browserVersion: 139.0.3405.86, fedcm:accounts: true, ms:edgeOptions: {debuggerAddress: localhost:62048}, msedge: {msedgedriverVersion: 138.0.3351.83 (16e2a7bef320..., userDataDir: C:\Users\GOVSTR~2\AppData\L...}, networkConnectionEnabled: false, pageLoadStrategy: normal, platformName: windows, proxy: Proxy(), se:cdp: ws://localhost:62048/devtoo..., se:cdpVersion: 139.0.3405.86, setWindowRect: true, strictFileInteractability: false, timeouts: {implicit: 0, pageLoad: 300000, script: 30000}, unhandledPromptBehavior: dismiss and notify, webauthn:extension:credBlob: true, webauthn:extension:largeBlob: true, webauthn:extension:minPinLength: true, webauthn:extension:prf: true, webauthn:virtualAuthenticators: true}&#10;Element: [[EdgeDriver: MicrosoftEdge on windows (a4ea857ea9ca845a30221cba9641d0e2)] -&gt; id: select-category]&#10;Session ID: a4ea857ea9ca845a30221cba9641d0e2" type="org.openqa.selenium.StaleElementReferenceException"><![CDATA[org.openqa.selenium.StaleElementReferenceException: 
stale element reference: stale element not found in the current frame
  (Session info: MicrosoftEdge=139.0.3405.86)
For documentation on this error, please visit: https://www.selenium.dev/documentation/webdriver/troubleshooting/errors#stale-element-reference-exception
Build info: version: '4.21.0', revision: '79ed462ef4'
System info: os.name: 'Windows Server 2019', os.arch: 'amd64', os.version: '10.0', java.version: '11.0.19'
Driver info: org.openqa.selenium.edge.EdgeDriver
Command: [a4ea857ea9ca845a30221cba9641d0e2, clickElement {id=f.04C1B75B8FE89D79AAEE11CA2C78E319.d.29FF232B4FAAF6AC2C2446DFE3610F1B.e.460}]
Capabilities {acceptInsecureCerts: false, browserName: MicrosoftEdge, browserVersion: 139.0.3405.86, fedcm:accounts: true, ms:edgeOptions: {debuggerAddress: localhost:62048}, msedge: {msedgedriverVersion: 138.0.3351.83 (16e2a7bef320..., userDataDir: C:\Users\GOVSTR~2\AppData\L...}, networkConnectionEnabled: false, pageLoadStrategy: normal, platformName: windows, proxy: Proxy(), se:cdp: ws://localhost:62048/devtoo..., se:cdpVersion: 139.0.3405.86, setWindowRect: true, strictFileInteractability: false, timeouts: {implicit: 0, pageLoad: 300000, script: 30000}, unhandledPromptBehavior: dismiss and notify, webauthn:extension:credBlob: true, webauthn:extension:largeBlob: true, webauthn:extension:minPinLength: true, webauthn:extension:prf: true, webauthn:virtualAuthenticators: true}
Element: [[EdgeDriver: MicrosoftEdge on windows (a4ea857ea9ca845a30221cba9641d0e2)] -> id: select-category]
Session ID: a4ea857ea9ca845a30221cba9641d0e2
	at java.base/jdk.internal.reflect.NativeConstructorAccessorImpl.newInstance0(Native Method)
	at java.base/jdk.internal.reflect.NativeConstructorAccessorImpl.newInstance(NativeConstructorAccessorImpl.java:62)
	at java.base/jdk.internal.reflect.DelegatingConstructorAccessorImpl.newInstance(DelegatingConstructorAccessorImpl.java:45)
	at java.base/java.lang.reflect.Constructor.newInstance(Constructor.java:490)
	at org.openqa.selenium.remote.ErrorCodec.decode(ErrorCodec.java:167)
	at org.openqa.selenium.remote.codec.w3c.W3CHttpResponseCodec.decode(W3CHttpResponseCodec.java:138)
	at org.openqa.selenium.remote.codec.w3c.W3CHttpResponseCodec.decode(W3CHttpResponseCodec.java:50)
	at org.openqa.selenium.remote.HttpCommandExecutor.execute(HttpCommandExecutor.java:190)
	at org.openqa.selenium.remote.service.DriverCommandExecutor.invokeExecute(DriverCommandExecutor.java:216)
	at org.openqa.selenium.remote.service.DriverCommandExecutor.execute(DriverCommandExecutor.java:174)
	at org.openqa.selenium.remote.RemoteWebDriver.execute(RemoteWebDriver.java:518)
	at org.openqa.selenium.remote.RemoteWebElement.execute(RemoteWebElement.java:223)
	at org.openqa.selenium.remote.RemoteWebElement.click(RemoteWebElement.java:76)
	at verifyClearAll.ClearAllPage.openDropdown(ClearAllPage.java:32)
	at verifyClearAll.ClearAllPage.selectOption(ClearAllPage.java:44)
	at verifyClearAll.ClearAllTest.testClearAllButtonPresenceForAllDropdownOptions(ClearAllTest.java:33)
	at java.base/jdk.internal.reflect.NativeMethodAccessorImpl.invoke0(Native Method)
	at java.base/jdk.internal.reflect.NativeMethodAccessorImpl.invoke(NativeMethodAccessorImpl.java:62)
	at java.base/jdk.internal.reflect.DelegatingMethodAccessorImpl.invoke(DelegatingMethodAccessorImpl.java:43)
	at java.base/java.lang.reflect.Method.invoke(Method.java:566)
	at org.testng.internal.invokers.MethodInvocationHelper.invokeMethod(MethodInvocationHelper.java:141)
	at org.testng.internal.invokers.TestInvoker.invokeMethod(TestInvoker.java:687)
	at org.testng.internal.invokers.TestInvoker.invokeTestMethod(TestInvoker.java:230)
	at org.testng.internal.invokers.MethodRunner.runInSequence(MethodRunner.java:63)
	at org.testng.internal.invokers.TestInvoker$MethodInvocationAgent.invoke(TestInvoker.java:995)
	at org.testng.internal.invokers.TestInvoker.invokeTestMethods(TestInvoker.java:203)
	at org.testng.internal.invokers.TestMethodWorker.invokeTestMethods(TestMethodWorker.java:154)
	at org.testng.internal.invokers.TestMethodWorker.run(TestMethodWorker.java:134)
	at java.base/java.util.ArrayList.forEach(ArrayList.java:1541)
	at org.testng.TestRunner.privateRun(TestRunner.java:741)
	at org.testng.TestRunner.run(TestRunner.java:616)
	at org.testng.SuiteRunner.runTest(SuiteRunner.java:421)
	at org.testng.SuiteRunner.runSequentially(SuiteRunner.java:413)
	at org.testng.SuiteRunner.privateRun(SuiteRunner.java:373)
	at org.testng.SuiteRunner.run(SuiteRunner.java:312)
	at org.testng.SuiteRunnerWorker.runSuite(SuiteRunnerWorker.java:52)
	at org.testng.SuiteRunnerWorker.run(SuiteRunnerWorker.java:95)
	at org.testng.TestNG.runSuitesSequentially(TestNG.java:1274)
	at org.testng.TestNG.runSuitesLocally(TestNG.java:1208)
	at org.testng.TestNG.runSuites(TestNG.java:1112)
	at org.testng.TestNG.run(TestNG.java:1079)
	at org.apache.maven.surefire.testng.TestNGExecutor.run(TestNGExecutor.java:324)
	at org.apache.maven.surefire.testng.TestNGXmlTestSuite.execute(TestNGXmlTestSuite.java:74)
	at org.apache.maven.surefire.testng.TestNGProvider.invoke(TestNGProvider.java:123)
	at org.apache.maven.surefire.booter.ForkedBooter.runSuitesInProcess(ForkedBooter.java:456)
	at org.apache.maven.surefire.booter.ForkedBooter.execute(ForkedBooter.java:169)
	at org.apache.maven.surefire.booter.ForkedBooter.run(ForkedBooter.java:595)
	at org.apache.maven.surefire.booter.ForkedBooter.main(ForkedBooter.java:581)
]]></failure>
    <system-out><![CDATA[***********If No 1
*************In CReate Test
************In Extent Manager Class
]]></system-out>
  </testcase>
</testsuite>