<?xml version="1.0" encoding="UTF-8"?>
<testsuite xmlns:xsi="http://www.w3.org/2001/XMLSchema-instance" xsi:noNamespaceSchemaLocation="https://maven.apache.org/surefire/maven-surefire-plugin/xsd/surefire-test-report-3.0.xsd" version="3.0" name="TestSuite" time="56.632" tests="4" errors="0" skipped="0" failures="0">
  <properties>
[...]
</properties>
  <testcase name="testViewAgencyResults" classname="verifyBookmarks.ViewAgencyResultsTest" time="0.827">
    <system-out><![CDATA[************In Extent Manager Class
**************Created Report
Extent report initialized
Login + Agency selection completed.
*************In CReate Test
************In Extent Manager Class
View Agency Results Opened.
Returned from View Agency Results.
]]></system-out>
    <system-err><![CDATA[SLF4J(W): No SLF4J providers were found.
SLF4J(W): Defaulting to no-operation (NOP) logger implementation
SLF4J(W): See https://www.slf4j.org/codes.html#noProviders for further details.
Aug 01, 2025 12:42:51 AM org.openqa.selenium.devtools.CdpVersionFinder findNearestMatch
WARNING: Unable to find CDP implementation matching 138
Aug 01, 2025 12:42:51 AM org.openqa.selenium.chromium.ChromiumDriver lambda$new$5
WARNING: Unable to find version of CDP to use for 138.0.3351.109. You may need to include a dependency on a specific version of the CDP using something similar to `org.seleniumhq.selenium:selenium-devtools-v86:4.21.0` where the version ("v86") matches the version of the chromium-based browser you're using and the version number of the artifact is the same as Selenium's.
]]></system-err>
  </testcase>
  <testcase name="testCompareAgencyResults" classname="verifyBookmarks.CompareAgencyResultsTest" time="10.967">
    <system-out><![CDATA[***********If No 1
*************In CReate Test
************In Extent Manager Class
Compare Agency Results Opened.
Returned from Compare Agency Results.
]]></system-out>
  </testcase>
  <testcase name="testFocusAreas" classname="verifyBookmarks.FocusAreasTest" time="10.645">
    <system-out><![CDATA[***********If No 1
*************In CReate Test
************In Extent Manager Class
Focus Areas Opened.
Returned from Focus Areas.
]]></system-out>
  </testcase>
  <testcase name="testViewFEVS" classname="verifyBookmarks.ViewFEVSTest" time="11.451">
    <system-out><![CDATA[***********If No 1
*************In CReate Test
************In Extent Manager Class
View FEVS Opened.
Returned from View FEVS.
]]></system-out>
  </testcase>
</testsuite>